ERROR - You must enter your SoundCloud username, (EX: 'python main.py username')
INFO - Getting user ID for Alberteet...
INFO - User ID is 194144472
INFO - Loading urls of all previously downloaded songs...
INFO - Loaded 0 urls
INFO - Retrieving all of Alberteet's SoundCloud likes...
INFO - Getting user ID for Alberteet...
INFO - User ID is 194144472
INFO - Loading urls of all previously downloaded songs...
INFO - Loaded 0 urls
INFO - Retrieving all of Alberteet's SoundCloud likes...
ERROR - You must enter your SoundCloud username, (EX: 'python main.py username')
INFO - Getting user ID for Alberteet...
INFO - User ID is 194144472
INFO - Loading urls of all previously downloaded songs...
INFO - Loaded 0 urls
INFO - Retrieving all of Alberteet's SoundCloud likes...
INFO - Downloading 1 of 264 songs
INFO - Downloading 2 of 264 songs
INFO - Downloading 3 of 264 songs
INFO - Downloading 4 of 264 songs
INFO - Downloading 5 of 264 songs
INFO - Downloading 6 of 264 songs
INFO - Downloading 7 of 264 songs
INFO - Downloading 8 of 264 songs
INFO - Downloading 9 of 264 songs
INFO - Downloading 10 of 264 songs
INFO - Downloading 11 of 264 songs
INFO - Downloading 12 of 264 songs
INFO - Downloading 13 of 264 songs
INFO - Downloading 14 of 264 songs
INFO - Downloading 15 of 264 songs
INFO - Downloading 16 of 264 songs
INFO - Downloading 17 of 264 songs
INFO - Downloading 18 of 264 songs
INFO - Downloading 19 of 264 songs
INFO - Downloading 20 of 264 songs
INFO - Downloading 21 of 264 songs
INFO - Downloading 22 of 264 songs
INFO - Downloading 23 of 264 songs
INFO - Downloading 24 of 264 songs
INFO - Downloading 25 of 264 songs
INFO - Downloading 26 of 264 songs
INFO - Downloading 27 of 264 songs
INFO - Downloading 28 of 264 songs
INFO - Downloading 29 of 264 songs
INFO - Downloading 30 of 264 songs
INFO - Downloading 31 of 264 songs
INFO - Downloading 32 of 264 songs
INFO - Downloading 33 of 264 songs
INFO - Downloading 34 of 264 songs
INFO - Downloading 35 of 264 songs
INFO - Downloading 36 of 264 songs
INFO - Downloading 37 of 264 songs
INFO - Downloading 38 of 264 songs
INFO - Downloading 39 of 264 songs
INFO - Downloading 40 of 264 songs
INFO - Downloading 41 of 264 songs
INFO - Downloading 42 of 264 songs
INFO - Downloading 43 of 264 songs
INFO - Downloading 44 of 264 songs
INFO - Downloading 45 of 264 songs
INFO - Downloading 46 of 264 songs
INFO - Downloading 47 of 264 songs
INFO - Downloading 48 of 264 songs
INFO - Downloading 49 of 264 songs
INFO - Downloading 50 of 264 songs
INFO - Downloading 51 of 264 songs
INFO - Downloading 52 of 264 songs
INFO - Downloading 53 of 264 songs
INFO - Downloading 54 of 264 songs
INFO - Downloading 55 of 264 songs
INFO - Downloading 56 of 264 songs
INFO - Downloading 57 of 264 songs
INFO - Downloading 58 of 264 songs
INFO - Downloading 59 of 264 songs
INFO - Downloading 60 of 264 songs
INFO - Downloading 61 of 264 songs
INFO - Downloading 62 of 264 songs
INFO - Downloading 63 of 264 songs
INFO - Downloading 64 of 264 songs
INFO - Downloading 65 of 264 songs
INFO - Downloading 66 of 264 songs
INFO - Downloading 67 of 264 songs
INFO - Downloading 68 of 264 songs
INFO - Downloading 69 of 264 songs
INFO - Downloading 70 of 264 songs
INFO - Downloading 71 of 264 songs
INFO - Downloading 72 of 264 songs
INFO - Downloading 73 of 264 songs
INFO - Downloading 74 of 264 songs
INFO - Downloading 75 of 264 songs
INFO - Downloading 76 of 264 songs
INFO - Downloading 77 of 264 songs
INFO - Downloading 78 of 264 songs
INFO - Downloading 79 of 264 songs
INFO - Downloading 80 of 264 songs
INFO - Downloading 81 of 264 songs
INFO - Downloading 82 of 264 songs
INFO - Downloading 83 of 264 songs
INFO - Downloading 84 of 264 songs
INFO - Downloading 85 of 264 songs
INFO - Downloading 86 of 264 songs
INFO - Downloading 87 of 264 songs
INFO - Downloading 88 of 264 songs
INFO - Downloading 89 of 264 songs
INFO - Downloading 90 of 264 songs
INFO - Downloading 91 of 264 songs
INFO - Downloading 92 of 264 songs
INFO - Downloading 93 of 264 songs
INFO - Downloading 94 of 264 songs
INFO - Downloading 95 of 264 songs
INFO - Downloading 96 of 264 songs
INFO - Downloading 97 of 264 songs
INFO - Downloading 98 of 264 songs
INFO - Downloading 99 of 264 songs
INFO - Downloading 100 of 264 songs
